
 RUN  v4.1.0 /Users/affandar/workshop/drox/pilotswarm/packages/sdk

stdout | test/perf/spawn.perf.test.js > Perf: Spawn > Single Spawn
[PilotSwarmWorker] Loaded: framework base prompt; 1 skill dir(s)

stdout | test/perf/spawn.perf.test.js > Perf: Spawn > Single Spawn
  [perf:single] {"label":"single","turnMs":9447,"visibleAtMs":{"1":6070},"startedAtMs":{"1":6070},"visibleGapsMs":[6070],"startedGapsMs":[6070],"childCountChanges":[{"atMs":0,"visibleCount":0,"startedCount":0},{"atMs":6070,"visibleCount":1,"startedCount":1}],"newChildren":1,"responsePreview":"\n\nSub-agent spawned. It's running now with ID `session-71baffdc-37b6-4209-87d5-6da0a4d35cbb`.","spawnToolCalls":1}
  [single] visible milestones: 1:6070ms
  [single] started milestones: 1:6070ms
  [single] child count changes: +0ms visible=0 started=0 | +6070ms visible=1 started=1

 ✓ test/perf/spawn.perf.test.js > Perf: Spawn > Single Spawn 15245ms
stdout | test/perf/spawn.perf.test.js > Perf: Spawn > Sequential Spawns
[PilotSwarmWorker] Loaded: framework base prompt; 1 skill dir(s)

stdout | test/perf/spawn.perf.test.js > Perf: Spawn > Sequential Spawns
  [perf:sequential-turn-1] {"label":"sequential-turn-1","turnMs":9694,"visibleAtMs":{"1":6329},"startedAtMs":{"1":6329},"visibleGapsMs":[6329],"startedGapsMs":[6329],"childCountChanges":[{"atMs":0,"visibleCount":0,"startedCount":0},{"atMs":6329,"visibleCount":1,"startedCount":1}],"newChildren":1,"responsePreview":"\n\nSub-agent spawned. Agent `session-dec5e0ce` is running with the task to say \"alpha\"."}

stdout | test/perf/spawn.perf.test.js > Perf: Spawn > Sequential Spawns
  [perf:sequential-turn-2] {"label":"sequential-turn-2","turnMs":5965,"visibleAtMs":{"1":3068},"startedAtMs":{"1":3169},"visibleGapsMs":[3068],"startedGapsMs":[3169],"childCountChanges":[{"atMs":1,"visibleCount":0,"startedCount":0},{"atMs":3068,"visibleCount":1,"startedCount":0},{"atMs":3169,"visibleCount":1,"startedCount":1}],"newChildren":1,"responsePreview":"\n\nSub-agent spawned. Agent `session-70e6840e` is running with the task to say \"beta\"."}

stdout | test/perf/spawn.perf.test.js > Perf: Spawn > Sequential Spawns
  [perf:sequential-turn-3] {"label":"sequential-turn-3","turnMs":5566,"visibleAtMs":{"1":3079},"startedAtMs":{"1":3079},"visibleGapsMs":[3079],"startedGapsMs":[3079],"childCountChanges":[{"atMs":0,"visibleCount":0,"startedCount":0},{"atMs":3079,"visibleCount":1,"startedCount":1}],"newChildren":1,"responsePreview":"\n\nSub-agent spawned. Agent `session-cf813362` is running with the task to say \"gamma\"."}

stdout | test/perf/spawn.perf.test.js > Perf: Spawn > Sequential Spawns
  [perf:sequential-total] {"totalMs":21226,"childCount":3,"spawnToolCalls":3,"perTurn":[{"turnMs":9694,"visibleAtMs":{"1":6329},"startedAtMs":{"1":6329}},{"turnMs":5965,"visibleAtMs":{"1":3068},"startedAtMs":{"1":3169}},{"turnMs":5566,"visibleAtMs":{"1":3079},"startedAtMs":{"1":3079}}]}

 ✓ test/perf/spawn.perf.test.js > Perf: Spawn > Sequential Spawns 26883ms
stdout | test/perf/spawn.perf.test.js > Perf: Spawn > Same-Turn Fanout
[PilotSwarmWorker] Loaded: framework base prompt; 1 skill dir(s)

stdout | test/perf/spawn.perf.test.js > Perf: Spawn > Same-Turn Fanout
  [perf:same-turn-fanout] {"label":"same-turn-fanout","turnMs":13404,"visibleAtMs":{"1":6951,"2":7053,"3":7053},"startedAtMs":{"1":6951,"2":7053,"3":7053},"visibleGapsMs":[6951,102,0],"startedGapsMs":[6951,102,0],"childCountChanges":[{"atMs":2,"visibleCount":0,"startedCount":0},{"atMs":6951,"visibleCount":1,"startedCount":1},{"atMs":7053,"visibleCount":3,"startedCount":3}],"newChildren":3,"responsePreview":"\n\nAll three sub-agents spawned and running:\n\n1. **Red** → `session-b3339eaf`\n2. **Green** → `session-0ba19bbd`\n3. **Blue** → `session-1ebb86a2`","spawnToolCalls":3}
  [same-turn] visible milestones: 1:6951ms, 2:7053ms, 3:7053ms
  [same-turn] started milestones: 1:6951ms, 2:7053ms, 3:7053ms
  [same-turn] child count changes: +2ms visible=0 started=0 | +6951ms visible=1 started=1 | +7053ms visible=3 started=3

 ✓ test/perf/spawn.perf.test.js > Perf: Spawn > Same-Turn Fanout 19036ms

 Test Files  1 passed (1)
      Tests  3 passed (3)
   Start at  10:27:49
   Duration  61.72s (transform 312ms, setup 0ms, import 469ms, tests 61.19s, environment 0ms)


[CLI subprocess] (node:90881) ExperimentalWarning: SQLite is an experimental feature and might change at any time
[CLI subprocess] (Use `node --trace-warnings ...` to show where the warning was created)
[CLI subprocess] (node:91445) ExperimentalWarning: SQLite is an experimental feature and might change at any time
[CLI subprocess] (Use `node --trace-warnings ...` to show where the warning was created)
[CLI subprocess] (node:92382) ExperimentalWarning: SQLite is an experimental feature and might change at any time
[CLI subprocess] (Use `node --trace-warnings ...` to show where the warning was created)
